2025-04-09 11:58:03 [WARN] applicant.statistics.repository.ApplicantCsvRepository - Line 2 has empty field at column index 1: Maria,,2025-04-07T12:00:00,7.5
2025-04-09 11:58:03 [WARN] applicant.statistics.repository.ApplicantCsvRepository - Unexpected runtime error at repository layer
applicant.statistics.repository.RepositoryException: Empty field found at line 2, column 1.
	at applicant.statistics.repository.RepositoryException.emptyFieldInRow(RepositoryException.java:29) ~[main/:?]
	at applicant.statistics.repository.ApplicantCsvRepository.readRawApplicantLines(ApplicantCsvRepository.java:65) [main/:?]
	at applicant.statistics.service.impl.ApplicantServiceImpl.processApplicants(ApplicantServiceImpl.java:43) [main/:?]
	at applicant.statistics.ui.ApplicantsProcessor.processApplicants(ApplicantsProcessor.java:38) [main/:?]
	at applicant.statistics.main.Main.main(Main.java:37) [main/:?]
2025-04-09 12:04:39 [WARN] applicant.statistics.repository.ApplicantCsvRepository - Line 2 has empty field at column index 1: Maria,,2025-04-07T12:00:00,7.5
2025-04-09 12:04:39 [WARN] applicant.statistics.repository.ApplicantCsvRepository - Line 5 skipped: expected 4 columns, found 0 — content: ,,,,
2025-04-09 12:04:39 [WARN] applicant.statistics.service.impl.ApplicantServiceImpl - Validation failed for row: [Maria, , 2025-04-07T12:00:00, 7.5] — Reason: Invalid name: Maria
2025-04-09 12:04:39 [WARN] applicant.statistics.service.impl.ApplicantServiceImpl - Validation failed for row: [John Doe, john.doe[at]mail.com, 2025-04-07T12:00:00, 8.0] — Reason: Invalid email: must contain exactly one '@': john.doe[at]mail.com
2025-04-09 12:04:39 [WARN] applicant.statistics.service.impl.ApplicantServiceImpl - Validation failed for row: [Ioana Ion, ioana.ion@example.com, invalid-date, 9.0] — Reason: Invalid datetime: invalid-date
2025-04-09 13:04:11 [WARN] applicant.statistics.repository.ApplicantCsvRepository - Line 2 may indicate unsupported file format: InvalidLineWithTooFewColumns
2025-04-09 13:04:11 [WARN] applicant.statistics.repository.ApplicantCsvRepository - Unexpected runtime error at repository layer
applicant.statistics.repository.RepositoryException: Unsupported file format: Missing commas or delimiters at line 2
	at applicant.statistics.repository.RepositoryException.unsupportedFileFormat(RepositoryException.java:21) ~[main/:?]
	at applicant.statistics.repository.ApplicantCsvRepository.readRawApplicantLines(ApplicantCsvRepository.java:48) ~[main/:?]
	at applicant.statistics.repository.ApplicantCsvRepositoryTest.shouldSkipMalformedLine(ApplicantCsvRepositoryTest.java:35) ~[test/:?]
	at java.base/jdk.internal.reflect.DirectMethodHandleAccessor.invoke(DirectMethodHandleAccessor.java:103) ~[?:?]
	at java.base/java.lang.reflect.Method.invoke(Method.java:580) ~[?:?]
	at org.junit.platform.commons.util.ReflectionUtils.invokeMethod(ReflectionUtils.java:728) ~[junit-platform-commons-1.10.0.jar:1.10.0]
	at org.junit.jupiter.engine.execution.MethodInvocation.proceed(MethodInvocation.java:60) ~[junit-jupiter-engine-5.10.0.jar:5.10.0]
	at org.junit.jupiter.engine.execution.InvocationInterceptorChain$ValidatingInvocation.proceed(InvocationInterceptorChain.java:131) ~[junit-jupiter-engine-5.10.0.jar:5.10.0]
	at org.junit.jupiter.engine.extension.TimeoutExtension.intercept(TimeoutExtension.java:156) ~[junit-jupiter-engine-5.10.0.jar:5.10.0]
	at org.junit.jupiter.engine.extension.TimeoutExtension.interceptTestableMethod(TimeoutExtension.java:147) ~[junit-jupiter-engine-5.10.0.jar:5.10.0]
	at org.junit.jupiter.engine.extension.TimeoutExtension.interceptTestMethod(TimeoutExtension.java:86) ~[junit-jupiter-engine-5.10.0.jar:5.10.0]
	at org.junit.jupiter.engine.execution.InterceptingExecutableInvoker$ReflectiveInterceptorCall.lambda$ofVoidMethod$0(InterceptingExecutableInvoker.java:103) ~[junit-jupiter-engine-5.10.0.jar:5.10.0]
	at org.junit.jupiter.engine.execution.InterceptingExecutableInvoker.lambda$invoke$0(InterceptingExecutableInvoker.java:93) ~[junit-jupiter-engine-5.10.0.jar:5.10.0]
	at org.junit.jupiter.engine.execution.InvocationInterceptorChain$InterceptedInvocation.proceed(InvocationInterceptorChain.java:106) ~[junit-jupiter-engine-5.10.0.jar:5.10.0]
	at org.junit.jupiter.engine.execution.InvocationInterceptorChain.proceed(InvocationInterceptorChain.java:64) ~[junit-jupiter-engine-5.10.0.jar:5.10.0]
	at org.junit.jupiter.engine.execution.InvocationInterceptorChain.chainAndInvoke(InvocationInterceptorChain.java:45) ~[junit-jupiter-engine-5.10.0.jar:5.10.0]
	at org.junit.jupiter.engine.execution.InvocationInterceptorChain.invoke(InvocationInterceptorChain.java:37) ~[junit-jupiter-engine-5.10.0.jar:5.10.0]
	at org.junit.jupiter.engine.execution.InterceptingExecutableInvoker.invoke(InterceptingExecutableInvoker.java:92) ~[junit-jupiter-engine-5.10.0.jar:5.10.0]
	at org.junit.jupiter.engine.execution.InterceptingExecutableInvoker.invoke(InterceptingExecutableInvoker.java:86) ~[junit-jupiter-engine-5.10.0.jar:5.10.0]
	at org.junit.jupiter.engine.descriptor.TestMethodTestDescriptor.lambda$invokeTestMethod$7(TestMethodTestDescriptor.java:218) ~[junit-jupiter-engine-5.10.0.jar:5.10.0]
	at org.junit.platform.engine.support.hierarchical.ThrowableCollector.execute(ThrowableCollector.java:73) ~[junit-platform-engine-1.10.0.jar:1.10.0]
	at org.junit.jupiter.engine.descriptor.TestMethodTestDescriptor.invokeTestMethod(TestMethodTestDescriptor.java:214) ~[junit-jupiter-engine-5.10.0.jar:5.10.0]
	at org.junit.jupiter.engine.descriptor.TestMethodTestDescriptor.execute(TestMethodTestDescriptor.java:139) ~[junit-jupiter-engine-5.10.0.jar:5.10.0]
	at org.junit.jupiter.engine.descriptor.TestMethodTestDescriptor.execute(TestMethodTestDescriptor.java:69) ~[junit-jupiter-engine-5.10.0.jar:5.10.0]
	at org.junit.platform.engine.support.hierarchical.NodeTestTask.lambda$executeRecursively$6(NodeTestTask.java:151) ~[junit-platform-engine-1.10.0.jar:1.10.0]
	at org.junit.platform.engine.support.hierarchical.ThrowableCollector.execute(ThrowableCollector.java:73) ~[junit-platform-engine-1.10.0.jar:1.10.0]
	at org.junit.platform.engine.support.hierarchical.NodeTestTask.lambda$executeRecursively$8(NodeTestTask.java:141) ~[junit-platform-engine-1.10.0.jar:1.10.0]
	at org.junit.platform.engine.support.hierarchical.Node.around(Node.java:137) ~[junit-platform-engine-1.10.0.jar:1.10.0]
	at org.junit.platform.engine.support.hierarchical.NodeTestTask.lambda$executeRecursively$9(NodeTestTask.java:139) ~[junit-platform-engine-1.10.0.jar:1.10.0]
	at org.junit.platform.engine.support.hierarchical.ThrowableCollector.execute(ThrowableCollector.java:73) ~[junit-platform-engine-1.10.0.jar:1.10.0]
	at org.junit.platform.engine.support.hierarchical.NodeTestTask.executeRecursively(NodeTestTask.java:138) ~[junit-platform-engine-1.10.0.jar:1.10.0]
	at org.junit.platform.engine.support.hierarchical.NodeTestTask.execute(NodeTestTask.java:95) ~[junit-platform-engine-1.10.0.jar:1.10.0]
	at java.base/java.util.ArrayList.forEach(ArrayList.java:1596) ~[?:?]
	at org.junit.platform.engine.support.hierarchical.SameThreadHierarchicalTestExecutorService.invokeAll(SameThreadHierarchicalTestExecutorService.java:41) ~[junit-platform-engine-1.10.0.jar:1.10.0]
	at org.junit.platform.engine.support.hierarchical.NodeTestTask.lambda$executeRecursively$6(NodeTestTask.java:155) ~[junit-platform-engine-1.10.0.jar:1.10.0]
	at org.junit.platform.engine.support.hierarchical.ThrowableCollector.execute(ThrowableCollector.java:73) ~[junit-platform-engine-1.10.0.jar:1.10.0]
	at org.junit.platform.engine.support.hierarchical.NodeTestTask.lambda$executeRecursively$8(NodeTestTask.java:141) ~[junit-platform-engine-1.10.0.jar:1.10.0]
	at org.junit.platform.engine.support.hierarchical.Node.around(Node.java:137) ~[junit-platform-engine-1.10.0.jar:1.10.0]
	at org.junit.platform.engine.support.hierarchical.NodeTestTask.lambda$executeRecursively$9(NodeTestTask.java:139) ~[junit-platform-engine-1.10.0.jar:1.10.0]
	at org.junit.platform.engine.support.hierarchical.ThrowableCollector.execute(ThrowableCollector.java:73) ~[junit-platform-engine-1.10.0.jar:1.10.0]
	at org.junit.platform.engine.support.hierarchical.NodeTestTask.executeRecursively(NodeTestTask.java:138) ~[junit-platform-engine-1.10.0.jar:1.10.0]
	at org.junit.platform.engine.support.hierarchical.NodeTestTask.execute(NodeTestTask.java:95) ~[junit-platform-engine-1.10.0.jar:1.10.0]
	at java.base/java.util.ArrayList.forEach(ArrayList.java:1596) ~[?:?]
	at org.junit.platform.engine.support.hierarchical.SameThreadHierarchicalTestExecutorService.invokeAll(SameThreadHierarchicalTestExecutorService.java:41) ~[junit-platform-engine-1.10.0.jar:1.10.0]
	at org.junit.platform.engine.support.hierarchical.NodeTestTask.lambda$executeRecursively$6(NodeTestTask.java:155) ~[junit-platform-engine-1.10.0.jar:1.10.0]
	at org.junit.platform.engine.support.hierarchical.ThrowableCollector.execute(ThrowableCollector.java:73) ~[junit-platform-engine-1.10.0.jar:1.10.0]
	at org.junit.platform.engine.support.hierarchical.NodeTestTask.lambda$executeRecursively$8(NodeTestTask.java:141) ~[junit-platform-engine-1.10.0.jar:1.10.0]
	at org.junit.platform.engine.support.hierarchical.Node.around(Node.java:137) ~[junit-platform-engine-1.10.0.jar:1.10.0]
	at org.junit.platform.engine.support.hierarchical.NodeTestTask.lambda$executeRecursively$9(NodeTestTask.java:139) ~[junit-platform-engine-1.10.0.jar:1.10.0]
	at org.junit.platform.engine.support.hierarchical.ThrowableCollector.execute(ThrowableCollector.java:73) ~[junit-platform-engine-1.10.0.jar:1.10.0]
	at org.junit.platform.engine.support.hierarchical.NodeTestTask.executeRecursively(NodeTestTask.java:138) ~[junit-platform-engine-1.10.0.jar:1.10.0]
	at org.junit.platform.engine.support.hierarchical.NodeTestTask.execute(NodeTestTask.java:95) ~[junit-platform-engine-1.10.0.jar:1.10.0]
	at org.junit.platform.engine.support.hierarchical.SameThreadHierarchicalTestExecutorService.submit(SameThreadHierarchicalTestExecutorService.java:35) ~[junit-platform-engine-1.10.0.jar:1.10.0]
	at org.junit.platform.engine.support.hierarchical.HierarchicalTestExecutor.execute(HierarchicalTestExecutor.java:57) ~[junit-platform-engine-1.10.0.jar:1.10.0]
	at org.junit.platform.engine.support.hierarchical.HierarchicalTestEngine.execute(HierarchicalTestEngine.java:54) ~[junit-platform-engine-1.10.0.jar:1.10.0]
	at org.junit.platform.launcher.core.EngineExecutionOrchestrator.execute(EngineExecutionOrchestrator.java:107) ~[junit-platform-launcher-1.8.2.jar:1.8.2]
	at org.junit.platform.launcher.core.EngineExecutionOrchestrator.execute(EngineExecutionOrchestrator.java:88) ~[junit-platform-launcher-1.8.2.jar:1.8.2]
	at org.junit.platform.launcher.core.EngineExecutionOrchestrator.lambda$execute$0(EngineExecutionOrchestrator.java:54) ~[junit-platform-launcher-1.8.2.jar:1.8.2]
	at org.junit.platform.launcher.core.EngineExecutionOrchestrator.withInterceptedStreams(EngineExecutionOrchestrator.java:67) [junit-platform-launcher-1.8.2.jar:1.8.2]
	at org.junit.platform.launcher.core.EngineExecutionOrchestrator.execute(EngineExecutionOrchestrator.java:52) [junit-platform-launcher-1.8.2.jar:1.8.2]
	at org.junit.platform.launcher.core.DefaultLauncher.execute(DefaultLauncher.java:114) [junit-platform-launcher-1.8.2.jar:1.8.2]
	at org.junit.platform.launcher.core.DefaultLauncher.execute(DefaultLauncher.java:86) [junit-platform-launcher-1.8.2.jar:1.8.2]
	at org.junit.platform.launcher.core.DefaultLauncherSession$DelegatingLauncher.execute(DefaultLauncherSession.java:86) [junit-platform-launcher-1.8.2.jar:1.8.2]
	at org.gradle.api.internal.tasks.testing.junitplatform.JUnitPlatformTestClassProcessor$CollectAllTestClassesExecutor.processAllTestClasses(JUnitPlatformTestClassProcessor.java:119) [gradle-testing-junit-platform-8.8.jar:8.8]
	at org.gradle.api.internal.tasks.testing.junitplatform.JUnitPlatformTestClassProcessor$CollectAllTestClassesExecutor.access$000(JUnitPlatformTestClassProcessor.java:94) [gradle-testing-junit-platform-8.8.jar:8.8]
	at org.gradle.api.internal.tasks.testing.junitplatform.JUnitPlatformTestClassProcessor.stop(JUnitPlatformTestClassProcessor.java:89) [gradle-testing-junit-platform-8.8.jar:8.8]
	at org.gradle.api.internal.tasks.testing.SuiteTestClassProcessor.stop(SuiteTestClassProcessor.java:62) [gradle-testing-base-8.8.jar:8.8]
	at java.base/jdk.internal.reflect.DirectMethodHandleAccessor.invoke(DirectMethodHandleAccessor.java:103) ~[?:?]
	at java.base/java.lang.reflect.Method.invoke(Method.java:580) ~[?:?]
	at org.gradle.internal.dispatch.ReflectionDispatch.dispatch(ReflectionDispatch.java:36) [gradle-messaging-8.8.jar:8.8]
	at org.gradle.internal.dispatch.ReflectionDispatch.dispatch(ReflectionDispatch.java:24) [gradle-messaging-8.8.jar:8.8]
	at org.gradle.internal.dispatch.ContextClassLoaderDispatch.dispatch(ContextClassLoaderDispatch.java:33) [gradle-messaging-8.8.jar:8.8]
	at org.gradle.internal.dispatch.ProxyDispatchAdapter$DispatchingInvocationHandler.invoke(ProxyDispatchAdapter.java:94) [gradle-messaging-8.8.jar:8.8]
	at jdk.proxy1/jdk.proxy1.$Proxy2.stop(Unknown Source) [?:?]
	at org.gradle.api.internal.tasks.testing.worker.TestWorker$3.run(TestWorker.java:193) [gradle-testing-base-8.8.jar:8.8]
	at org.gradle.api.internal.tasks.testing.worker.TestWorker.executeAndMaintainThreadName(TestWorker.java:129) [gradle-testing-base-8.8.jar:8.8]
	at org.gradle.api.internal.tasks.testing.worker.TestWorker.execute(TestWorker.java:100) [gradle-testing-base-8.8.jar:8.8]
	at org.gradle.api.internal.tasks.testing.worker.TestWorker.execute(TestWorker.java:60) [gradle-testing-base-8.8.jar:8.8]
	at org.gradle.process.internal.worker.child.ActionExecutionWorker.execute(ActionExecutionWorker.java:56) [gradle-worker-processes-8.8.jar:8.8]
	at org.gradle.process.internal.worker.child.SystemApplicationClassLoaderWorker.call(SystemApplicationClassLoaderWorker.java:119) [gradle-worker-processes-8.8.jar:8.8]
	at org.gradle.process.internal.worker.child.SystemApplicationClassLoaderWorker.call(SystemApplicationClassLoaderWorker.java:66) [gradle-worker-processes-8.8.jar:8.8]
	at worker.org.gradle.process.internal.worker.GradleWorkerMain.run(GradleWorkerMain.java:69) [gradle-worker.jar:?]
	at worker.org.gradle.process.internal.worker.GradleWorkerMain.main(GradleWorkerMain.java:74) [gradle-worker.jar:?]
2025-04-09 13:04:11 [WARN] applicant.statistics.repository.ApplicantCsvRepository - Input stream is null. Cannot read applicants.
2025-04-09 13:04:11 [WARN] applicant.statistics.repository.ApplicantCsvRepository - Line 2 has empty field at column index 1: Ana Pop,,2025-04-07T10:00:00,8.0
2025-04-09 13:04:11 [WARN] applicant.statistics.service.impl.ApplicantServiceImpl - Validation failed for row: [Popescu, , 2025-04-07T10:00:00, 7.0] — Reason: Invalid name: Popescu
2025-04-09 13:04:11 [WARN] applicant.statistics.repository.ApplicantCsvRepository - Line 2 has empty field at column index 1: Maria,,2025-04-07T12:00:00,7.5
2025-04-09 13:04:11 [WARN] applicant.statistics.repository.ApplicantCsvRepository - Line 5 skipped: expected 4 columns, found 0 — content: ,,,,
2025-04-09 13:04:11 [WARN] applicant.statistics.service.impl.ApplicantServiceImpl - Validation failed for row: [Maria, , 2025-04-07T12:00:00, 7.5] — Reason: Invalid name: Maria
2025-04-09 13:04:11 [WARN] applicant.statistics.service.impl.ApplicantServiceImpl - Validation failed for row: [John Doe, john.doe[at]mail.com, 2025-04-07T12:00:00, 8.0] — Reason: Invalid email: must contain exactly one '@': john.doe[at]mail.com
2025-04-09 13:04:11 [WARN] applicant.statistics.service.impl.ApplicantServiceImpl - Validation failed for row: [Ioana Ion, ioana.ion@example.com, invalid-date, 9.0] — Reason: Invalid datetime: invalid-date
2025-04-09 13:08:54 [WARN] applicant.statistics.repository.ApplicantCsvRepository - Line 2 skipped: missing delimiters — content: InvalidLineWithTooFewColumns
2025-04-09 13:08:54 [WARN] applicant.statistics.repository.ApplicantCsvRepository - Input stream is null. Cannot read applicants.
2025-04-09 13:08:54 [WARN] applicant.statistics.repository.ApplicantCsvRepository - Line 2 has empty field at column index 1: Ana Pop,,2025-04-07T10:00:00,8.0
2025-04-09 13:08:54 [WARN] applicant.statistics.service.impl.ApplicantServiceImpl - Validation failed for row: [Popescu, , 2025-04-07T10:00:00, 7.0] — Reason: Invalid name: Popescu
2025-04-09 13:08:54 [WARN] applicant.statistics.repository.ApplicantCsvRepository - Line 2 has empty field at column index 1: Maria,,2025-04-07T12:00:00,7.5
2025-04-09 13:08:54 [WARN] applicant.statistics.repository.ApplicantCsvRepository - Line 5 skipped: expected 4 columns, found 0 — content: ,,,,
2025-04-09 13:08:54 [WARN] applicant.statistics.service.impl.ApplicantServiceImpl - Validation failed for row: [John Doe, john.doe[at]mail.com, 2025-04-07T12:00:00, 8.0] — Reason: Invalid email: must contain exactly one '@': john.doe[at]mail.com
2025-04-09 13:08:54 [WARN] applicant.statistics.service.impl.ApplicantServiceImpl - Validation failed for row: [Ioana Ion, ioana.ion@example.com, invalid-date, 9.0] — Reason: Invalid datetime: invalid-date
2025-04-09 13:09:00 [WARN] applicant.statistics.repository.ApplicantCsvRepository - Line 2 skipped: missing delimiters — content: InvalidLineWithTooFewColumns
2025-04-09 13:09:00 [WARN] applicant.statistics.repository.ApplicantCsvRepository - Input stream is null. Cannot read applicants.
2025-04-09 13:09:00 [WARN] applicant.statistics.repository.ApplicantCsvRepository - Line 2 has empty field at column index 1: Ana Pop,,2025-04-07T10:00:00,8.0
2025-04-09 13:09:00 [WARN] applicant.statistics.service.impl.ApplicantServiceImpl - Validation failed for row: [Popescu, , 2025-04-07T10:00:00, 7.0] — Reason: Invalid name: Popescu
2025-04-09 13:09:00 [WARN] applicant.statistics.repository.ApplicantCsvRepository - Line 2 has empty field at column index 1: Maria,,2025-04-07T12:00:00,7.5
2025-04-09 13:09:00 [WARN] applicant.statistics.repository.ApplicantCsvRepository - Line 5 skipped: expected 4 columns, found 0 — content: ,,,,
2025-04-09 13:09:00 [WARN] applicant.statistics.service.impl.ApplicantServiceImpl - Validation failed for row: [John Doe, john.doe[at]mail.com, 2025-04-07T12:00:00, 8.0] — Reason: Invalid email: must contain exactly one '@': john.doe[at]mail.com
2025-04-09 13:09:00 [WARN] applicant.statistics.service.impl.ApplicantServiceImpl - Validation failed for row: [Ioana Ion, ioana.ion@example.com, invalid-date, 9.0] — Reason: Invalid datetime: invalid-date
2025-04-09 13:53:03 [WARN] applicant.statistics.repository.ApplicantCsvRepository - Line 2 skipped: missing delimiters — content: InvalidLineWithTooFewColumns
2025-04-09 13:53:03 [WARN] applicant.statistics.repository.ApplicantCsvRepository - Input stream is null. Cannot read applicants.
2025-04-09 13:53:03 [WARN] applicant.statistics.repository.ApplicantCsvRepository - Line 2 has empty field at column index 1: Ana Pop,,2025-04-07T10:00:00,8.0
2025-04-09 13:53:03 [WARN] applicant.statistics.service.impl.ApplicantServiceImpl - Validation failed for row: [Popescu, , 2025-04-07T10:00:00, 7.0] — Reason: Invalid name: Popescu
2025-04-09 13:53:03 [WARN] applicant.statistics.repository.ApplicantCsvRepository - Line 2 has empty field at column index 1: Maria,,2025-04-07T12:00:00,7.5
2025-04-09 13:53:03 [WARN] applicant.statistics.repository.ApplicantCsvRepository - Line 5 skipped: expected 4 columns, found 0 — content: ,,,,
2025-04-09 13:53:03 [WARN] applicant.statistics.service.impl.ApplicantServiceImpl - Validation failed for row: [John Doe, john.doe[at]mail.com, 2025-04-07T12:00:00, 8.0] — Reason: Invalid email: must contain exactly one '@': john.doe[at]mail.com
2025-04-09 13:53:03 [WARN] applicant.statistics.service.impl.ApplicantServiceImpl - Validation failed for row: [Ioana Ion, ioana.ion@example.com, invalid-date, 9.0] — Reason: Invalid datetime: invalid-date
2025-04-09 13:53:16 [WARN] applicant.statistics.repository.ApplicantCsvRepository - Line 2 has empty field at column index 1: Maria,,2025-04-07T12:00:00,7.5
2025-04-09 13:53:16 [WARN] applicant.statistics.repository.ApplicantCsvRepository - Line 5 skipped: expected 4 columns, found 0 — content: ,,,,
2025-04-09 13:53:16 [WARN] applicant.statistics.service.impl.ApplicantServiceImpl - Validation failed for row: [John Doe, john.doe[at]mail.com, 2025-04-07T12:00:00, 8.0] — Reason: Invalid email: must contain exactly one '@': john.doe[at]mail.com
2025-04-09 13:53:16 [WARN] applicant.statistics.service.impl.ApplicantServiceImpl - Validation failed for row: [Ioana Ion, ioana.ion@example.com, invalid-date, 9.0] — Reason: Invalid datetime: invalid-date
2025-04-09 13:58:37 [WARN] applicant.statistics.repository.ApplicantCsvRepository - Line 2 skipped: missing delimiters — content: InvalidLineWithTooFewColumns
2025-04-09 13:58:37 [WARN] applicant.statistics.repository.ApplicantCsvRepository - Input stream is null. Cannot read applicants.
2025-04-09 13:58:37 [WARN] applicant.statistics.repository.ApplicantCsvRepository - Line 2 has empty field at column index 1: Ana Pop,,2025-04-07T10:00:00,8.0
2025-04-09 13:58:37 [WARN] applicant.statistics.service.impl.ApplicantServiceImpl - Validation failed for row: [Popescu, , 2025-04-07T10:00:00, 7.0] — Reason: Invalid name: Popescu
2025-04-09 13:58:37 [WARN] applicant.statistics.repository.ApplicantCsvRepository - Line 2 has empty field at column index 1: Maria,,2025-04-07T12:00:00,7.5
2025-04-09 13:58:37 [WARN] applicant.statistics.repository.ApplicantCsvRepository - Line 5 skipped: expected 4 columns, found 0 — content: ,,,,
2025-04-09 13:58:37 [WARN] applicant.statistics.service.impl.ApplicantServiceImpl - Validation failed for row: [John Doe, john.doe[at]mail.com, 2025-04-07T12:00:00, 8.0] — Reason: Invalid email: must contain exactly one '@': john.doe[at]mail.com
2025-04-09 13:58:37 [WARN] applicant.statistics.service.impl.ApplicantServiceImpl - Validation failed for row: [Ioana Ion, ioana.ion@example.com, invalid-date, 9.0] — Reason: Invalid datetime: invalid-date
2025-04-09 14:02:22 [WARN] applicant.statistics.repository.ApplicantCsvRepository - Line 2 skipped: missing delimiters — content: InvalidLineWithTooFewColumns
2025-04-09 14:02:22 [WARN] applicant.statistics.repository.ApplicantCsvRepository - Input stream is null. Cannot read applicants.
2025-04-09 14:02:22 [WARN] applicant.statistics.repository.ApplicantCsvRepository - Line 2 has empty field at column index 1: Ana Pop,,2025-04-07T10:00:00,8.0
2025-04-09 14:02:22 [WARN] applicant.statistics.service.impl.ApplicantServiceImpl - Validation failed for row: [Popescu, , 2025-04-07T10:00:00, 7.0] — Reason: Invalid name: Popescu
2025-04-09 14:02:22 [WARN] applicant.statistics.repository.ApplicantCsvRepository - Line 2 has empty field at column index 1: Maria,,2025-04-07T12:00:00,7.5
2025-04-09 14:02:22 [WARN] applicant.statistics.repository.ApplicantCsvRepository - Line 5 skipped: expected 4 columns, found 0 — content: ,,,,
2025-04-09 14:02:22 [WARN] applicant.statistics.service.impl.ApplicantServiceImpl - Validation failed for row: [John Doe, john.doe[at]mail.com, 2025-04-07T12:00:00, 8.0] — Reason: Invalid email: must contain exactly one '@': john.doe[at]mail.com
2025-04-09 14:02:22 [WARN] applicant.statistics.service.impl.ApplicantServiceImpl - Validation failed for row: [Ioana Ion, ioana.ion@example.com, invalid-date, 9.0] — Reason: Invalid datetime: invalid-date
2025-04-09 14:02:28 [WARN] applicant.statistics.repository.ApplicantCsvRepository - Line 2 has empty field at column index 1: Maria,,2025-04-07T12:00:00,7.5
2025-04-09 14:02:28 [WARN] applicant.statistics.repository.ApplicantCsvRepository - Line 5 skipped: expected 4 columns, found 0 — content: ,,,,
2025-04-09 14:02:28 [WARN] applicant.statistics.service.impl.ApplicantServiceImpl - Validation failed for row: [John Doe, john.doe[at]mail.com, 2025-04-07T12:00:00, 8.0] — Reason: Invalid email: must contain exactly one '@': john.doe[at]mail.com
2025-04-09 14:02:28 [WARN] applicant.statistics.service.impl.ApplicantServiceImpl - Validation failed for row: [Ioana Ion, ioana.ion@example.com, invalid-date, 9.0] — Reason: Invalid datetime: invalid-date
2025-04-09 14:02:32 [WARN] applicant.statistics.repository.ApplicantCsvRepository - Line 2 skipped: missing delimiters — content: InvalidLineWithTooFewColumns
2025-04-09 14:02:32 [WARN] applicant.statistics.repository.ApplicantCsvRepository - Input stream is null. Cannot read applicants.
2025-04-09 14:02:32 [WARN] applicant.statistics.repository.ApplicantCsvRepository - Line 2 has empty field at column index 1: Ana Pop,,2025-04-07T10:00:00,8.0
2025-04-09 14:02:32 [WARN] applicant.statistics.service.impl.ApplicantServiceImpl - Validation failed for row: [Popescu, , 2025-04-07T10:00:00, 7.0] — Reason: Invalid name: Popescu
2025-04-09 14:02:32 [WARN] applicant.statistics.repository.ApplicantCsvRepository - Line 2 has empty field at column index 1: Maria,,2025-04-07T12:00:00,7.5
2025-04-09 14:02:32 [WARN] applicant.statistics.repository.ApplicantCsvRepository - Line 5 skipped: expected 4 columns, found 0 — content: ,,,,
2025-04-09 14:02:32 [WARN] applicant.statistics.service.impl.ApplicantServiceImpl - Validation failed for row: [John Doe, john.doe[at]mail.com, 2025-04-07T12:00:00, 8.0] — Reason: Invalid email: must contain exactly one '@': john.doe[at]mail.com
2025-04-09 14:02:32 [WARN] applicant.statistics.service.impl.ApplicantServiceImpl - Validation failed for row: [Ioana Ion, ioana.ion@example.com, invalid-date, 9.0] — Reason: Invalid datetime: invalid-date
2025-04-09 14:04:36 [WARN] applicant.statistics.repository.ApplicantCsvRepository - Line 2 skipped: missing delimiters — content: InvalidLineWithTooFewColumns
2025-04-09 14:04:36 [WARN] applicant.statistics.repository.ApplicantCsvRepository - Input stream is null. Cannot read applicants.
2025-04-09 14:04:36 [WARN] applicant.statistics.repository.ApplicantCsvRepository - Line 2 has empty field at column index 1: Ana Pop,,2025-04-07T10:00:00,8.0
2025-04-09 14:04:36 [WARN] applicant.statistics.service.impl.ApplicantServiceImpl - Validation failed for row: [Popescu, , 2025-04-07T10:00:00, 7.0] — Reason: Invalid name: Popescu
2025-04-09 14:04:36 [WARN] applicant.statistics.repository.ApplicantCsvRepository - Line 2 has empty field at column index 1: Maria,,2025-04-07T12:00:00,7.5
2025-04-09 14:04:36 [WARN] applicant.statistics.repository.ApplicantCsvRepository - Line 5 skipped: expected 4 columns, found 0 — content: ,,,,
2025-04-09 14:04:36 [WARN] applicant.statistics.service.impl.ApplicantServiceImpl - Validation failed for row: [John Doe, john.doe[at]mail.com, 2025-04-07T12:00:00, 8.0] — Reason: Invalid email: must contain exactly one '@': john.doe[at]mail.com
2025-04-09 14:04:36 [WARN] applicant.statistics.service.impl.ApplicantServiceImpl - Validation failed for row: [Ioana Ion, ioana.ion@example.com, invalid-date, 9.0] — Reason: Invalid datetime: invalid-date
2025-04-09 14:04:45 [WARN] applicant.statistics.repository.ApplicantCsvRepository - Line 2 has empty field at column index 1: Maria,,2025-04-07T12:00:00,7.5
2025-04-09 14:04:45 [WARN] applicant.statistics.repository.ApplicantCsvRepository - Line 5 skipped: expected 4 columns, found 0 — content: ,,,,
2025-04-09 14:04:45 [WARN] applicant.statistics.service.impl.ApplicantServiceImpl - Validation failed for row: [John Doe, john.doe[at]mail.com, 2025-04-07T12:00:00, 8.0] — Reason: Invalid email: must contain exactly one '@': john.doe[at]mail.com
2025-04-09 14:04:45 [WARN] applicant.statistics.service.impl.ApplicantServiceImpl - Validation failed for row: [Ioana Ion, ioana.ion@example.com, invalid-date, 9.0] — Reason: Invalid datetime: invalid-date
2025-04-09 14:04:48 [WARN] applicant.statistics.repository.ApplicantCsvRepository - Line 2 skipped: missing delimiters — content: InvalidLineWithTooFewColumns
2025-04-09 14:04:48 [WARN] applicant.statistics.repository.ApplicantCsvRepository - Input stream is null. Cannot read applicants.
2025-04-09 14:04:48 [WARN] applicant.statistics.repository.ApplicantCsvRepository - Line 2 has empty field at column index 1: Ana Pop,,2025-04-07T10:00:00,8.0
2025-04-09 14:04:48 [WARN] applicant.statistics.service.impl.ApplicantServiceImpl - Validation failed for row: [Popescu, , 2025-04-07T10:00:00, 7.0] — Reason: Invalid name: Popescu
2025-04-09 14:04:48 [WARN] applicant.statistics.repository.ApplicantCsvRepository - Line 2 has empty field at column index 1: Maria,,2025-04-07T12:00:00,7.5
2025-04-09 14:04:48 [WARN] applicant.statistics.repository.ApplicantCsvRepository - Line 5 skipped: expected 4 columns, found 0 — content: ,,,,
2025-04-09 14:04:48 [WARN] applicant.statistics.service.impl.ApplicantServiceImpl - Validation failed for row: [John Doe, john.doe[at]mail.com, 2025-04-07T12:00:00, 8.0] — Reason: Invalid email: must contain exactly one '@': john.doe[at]mail.com
2025-04-09 14:04:48 [WARN] applicant.statistics.service.impl.ApplicantServiceImpl - Validation failed for row: [Ioana Ion, ioana.ion@example.com, invalid-date, 9.0] — Reason: Invalid datetime: invalid-date
2025-04-09 14:38:12 [WARN] applicant.statistics.repository.ApplicantCsvRepository - Line 3 is empty and has been skipped.
2025-04-09 14:38:12 [WARN] applicant.statistics.repository.ApplicantCsvRepository - Line 5 skipped: expected 4 columns, found 0 — content: ,,,,,
2025-04-09 14:38:12 [WARN] applicant.statistics.repository.ApplicantCsvRepository - Line 7 skipped: missing delimiters — content: )_(*&^%$#@!#
2025-04-09 14:38:12 [WARN] applicant.statistics.service.impl.ApplicantServiceImpl - Validation failed for row: [Speranța, speranta_cruce@gmail.com, 2023-01-24T20:14:53, 2.33] — Reason: Invalid name: Speranța
2025-04-09 14:38:12 [WARN] applicant.statistics.service.impl.ApplicantServiceImpl - Validation failed for row: [Ionică Sergiu Ramos, chiarel@ionicaromass.ro, 2023-01-24 16:32:19, 9.00] — Reason: Invalid datetime: 2023-01-24 16:32:19
2025-04-09 14:38:12 [WARN] applicant.statistics.service.impl.ApplicantServiceImpl - Validation failed for row: [Carla Ștefănescu, carlita_ste_yahoo.com, 2023-01-23T23:59:01, 5.20] — Reason: Invalid email: must contain exactly one '@': carlita_ste_yahoo.com
2025-04-09 14:50:08 [WARN] applicant.statistics.repository.ApplicantCsvRepository - Line 2 skipped: missing delimiters — content: InvalidLineWithTooFewColumns
2025-04-09 14:50:08 [WARN] applicant.statistics.repository.ApplicantCsvRepository - Input stream is null. Cannot read applicants.
2025-04-09 14:50:08 [WARN] applicant.statistics.repository.ApplicantCsvRepository - Line 2 has empty field at column index 1: Ana Pop,,2025-04-07T10:00:00,8.0
2025-04-09 14:50:08 [WARN] applicant.statistics.service.impl.ApplicantServiceImpl - Validation failed for row: [Popescu, , 2025-04-07T10:00:00, 7.0] — Reason: Invalid name: Popescu
2025-04-09 14:50:08 [WARN] applicant.statistics.repository.ApplicantCsvRepository - Line 3 is empty and has been skipped.
2025-04-09 14:50:08 [WARN] applicant.statistics.repository.ApplicantCsvRepository - Line 5 skipped: expected 4 columns, found 0 — content: ,,,,,
2025-04-09 14:50:08 [WARN] applicant.statistics.repository.ApplicantCsvRepository - Line 7 skipped: missing delimiters — content: )_(*&^%$#@!#
2025-04-09 14:50:08 [WARN] applicant.statistics.service.impl.ApplicantServiceImpl - Validation failed for row: [Speranța, speranta_cruce@gmail.com, 2023-01-24T20:14:53, 2.33] — Reason: Invalid name: Speranța
2025-04-09 14:50:08 [WARN] applicant.statistics.service.impl.ApplicantServiceImpl - Validation failed for row: [Ionică Sergiu Ramos, chiarel@ionicaromass.ro, 2023-01-24 16:32:19, 9.00] — Reason: Invalid datetime: 2023-01-24 16:32:19
2025-04-09 14:50:08 [WARN] applicant.statistics.service.impl.ApplicantServiceImpl - Validation failed for row: [Carla Ștefănescu, carlita_ste_yahoo.com, 2023-01-23T23:59:01, 5.20] — Reason: Invalid email: must contain exactly one '@': carlita_ste_yahoo.com
2025-04-09 14:50:39 [WARN] applicant.statistics.repository.ApplicantCsvRepository - Line 3 is empty and has been skipped.
2025-04-09 14:50:39 [WARN] applicant.statistics.repository.ApplicantCsvRepository - Line 5 skipped: expected 4 columns, found 0 — content: ,,,,,
2025-04-09 14:50:39 [WARN] applicant.statistics.repository.ApplicantCsvRepository - Line 7 skipped: missing delimiters — content: )_(*&^%$#@!#
2025-04-09 14:50:39 [WARN] applicant.statistics.service.impl.ApplicantServiceImpl - Validation failed for row: [Speranța, speranta_cruce@gmail.com, 2023-01-24T20:14:53, 2.33] — Reason: Invalid name: Speranța
2025-04-09 14:50:39 [WARN] applicant.statistics.service.impl.ApplicantServiceImpl - Validation failed for row: [Ionică Sergiu Ramos, chiarel@ionicaromass.ro, 2023-01-24 16:32:19, 9.00] — Reason: Invalid datetime: 2023-01-24 16:32:19
2025-04-09 14:50:39 [WARN] applicant.statistics.service.impl.ApplicantServiceImpl - Validation failed for row: [Carla Ștefănescu, carlita_ste_yahoo.com, 2023-01-23T23:59:01, 5.20] — Reason: Invalid email: must contain exactly one '@': carlita_ste_yahoo.com
2025-04-09 14:51:07 [WARN] applicant.statistics.repository.ApplicantCsvRepository - Line 3 is empty and has been skipped.
2025-04-09 14:51:07 [WARN] applicant.statistics.repository.ApplicantCsvRepository - Line 5 skipped: expected 4 columns, found 0 — content: ,,,,,
2025-04-09 14:51:07 [WARN] applicant.statistics.repository.ApplicantCsvRepository - Line 7 skipped: missing delimiters — content: )_(*&^%$#@!#
2025-04-09 14:51:07 [WARN] applicant.statistics.service.impl.ApplicantServiceImpl - Validation failed for row: [Speranța, speranta_cruce@gmail.com, 2023-01-24T20:14:53, 2.33] — Reason: Invalid name: Speranța
2025-04-09 14:51:07 [WARN] applicant.statistics.service.impl.ApplicantServiceImpl - Validation failed for row: [Ionică Sergiu Ramos, chiarel@ionicaromass.ro, 2023-01-24 16:32:19, 9.00] — Reason: Invalid datetime: 2023-01-24 16:32:19
2025-04-09 14:51:07 [WARN] applicant.statistics.service.impl.ApplicantServiceImpl - Validation failed for row: [Carla Ștefănescu, carlita_ste_yahoo.com, 2023-01-23T23:59:01, 5.20] — Reason: Invalid email: must contain exactly one '@': carlita_ste_yahoo.com
2025-04-09 14:54:33 [WARN] applicant.statistics.Main - Failed to read or write file.
java.io.FileNotFoundException: src\main\resources\csv\applicants_invalid.csv, --out, output.json (The system cannot find the file specified)
	at java.base/java.io.FileInputStream.open0(Native Method) ~[?:?]
	at java.base/java.io.FileInputStream.open(FileInputStream.java:213) ~[?:?]
	at java.base/java.io.FileInputStream.<init>(FileInputStream.java:152) ~[?:?]
	at java.base/java.io.FileInputStream.<init>(FileInputStream.java:106) ~[?:?]
	at applicant.statistics.Main.main(Main.java:43) [main/:?]
2025-04-09 14:55:05 [WARN] applicant.statistics.Main - Failed to read or write file.
java.io.FileNotFoundException: src\main\resources\csv\applicants_invalid.csv, (The system cannot find the file specified)
	at java.base/java.io.FileInputStream.open0(Native Method) ~[?:?]
	at java.base/java.io.FileInputStream.open(FileInputStream.java:213) ~[?:?]
	at java.base/java.io.FileInputStream.<init>(FileInputStream.java:152) ~[?:?]
	at java.base/java.io.FileInputStream.<init>(FileInputStream.java:106) ~[?:?]
	at applicant.statistics.Main.main(Main.java:43) [main/:?]
2025-04-09 14:56:08 [WARN] applicant.statistics.repository.ApplicantCsvRepository - Line 3 is empty and has been skipped.
2025-04-09 14:56:08 [WARN] applicant.statistics.repository.ApplicantCsvRepository - Line 5 skipped: expected 4 columns, found 0 — content: ,,,,,
2025-04-09 14:56:08 [WARN] applicant.statistics.repository.ApplicantCsvRepository - Line 7 skipped: missing delimiters — content: )_(*&^%$#@!#
2025-04-09 14:56:08 [WARN] applicant.statistics.service.impl.ApplicantServiceImpl - Validation failed for row: [Speranța, speranta_cruce@gmail.com, 2023-01-24T20:14:53, 2.33] — Reason: Invalid name: Speranța
2025-04-09 14:56:08 [WARN] applicant.statistics.service.impl.ApplicantServiceImpl - Validation failed for row: [Ionică Sergiu Ramos, chiarel@ionicaromass.ro, 2023-01-24 16:32:19, 9.00] — Reason: Invalid datetime: 2023-01-24 16:32:19
2025-04-09 14:56:08 [WARN] applicant.statistics.service.impl.ApplicantServiceImpl - Validation failed for row: [Carla Ștefănescu, carlita_ste_yahoo.com, 2023-01-23T23:59:01, 5.20] — Reason: Invalid email: must contain exactly one '@': carlita_ste_yahoo.com
2025-04-09 14:56:33 [WARN] applicant.statistics.repository.ApplicantCsvRepository - Line 3 is empty and has been skipped.
2025-04-09 14:56:33 [WARN] applicant.statistics.repository.ApplicantCsvRepository - Line 5 skipped: expected 4 columns, found 0 — content: ,,,,,
2025-04-09 14:56:33 [WARN] applicant.statistics.repository.ApplicantCsvRepository - Line 7 skipped: missing delimiters — content: )_(*&^%$#@!#
2025-04-09 14:56:33 [WARN] applicant.statistics.service.impl.ApplicantServiceImpl - Validation failed for row: [Speranța, speranta_cruce@gmail.com, 2023-01-24T20:14:53, 2.33] — Reason: Invalid name: Speranța
2025-04-09 14:56:33 [WARN] applicant.statistics.service.impl.ApplicantServiceImpl - Validation failed for row: [Ionică Sergiu Ramos, chiarel@ionicaromass.ro, 2023-01-24 16:32:19, 9.00] — Reason: Invalid datetime: 2023-01-24 16:32:19
2025-04-09 14:56:33 [WARN] applicant.statistics.service.impl.ApplicantServiceImpl - Validation failed for row: [Carla Ștefănescu, carlita_ste_yahoo.com, 2023-01-23T23:59:01, 5.20] — Reason: Invalid email: must contain exactly one '@': carlita_ste_yahoo.com
2025-04-09 14:57:27 [WARN] applicant.statistics.repository.ApplicantCsvRepository - Line 3 is empty and has been skipped.
2025-04-09 14:57:27 [WARN] applicant.statistics.repository.ApplicantCsvRepository - Line 5 skipped: expected 4 columns, found 0 — content: ,,,,,
2025-04-09 14:57:27 [WARN] applicant.statistics.repository.ApplicantCsvRepository - Line 7 skipped: missing delimiters — content: )_(*&^%$#@!#
2025-04-09 14:57:27 [WARN] applicant.statistics.service.impl.ApplicantServiceImpl - Validation failed for row: [Speranța, speranta_cruce@gmail.com, 2023-01-24T20:14:53, 2.33] — Reason: Invalid name: Speranța
2025-04-09 14:57:27 [WARN] applicant.statistics.service.impl.ApplicantServiceImpl - Validation failed for row: [Ionică Sergiu Ramos, chiarel@ionicaromass.ro, 2023-01-24 16:32:19, 9.00] — Reason: Invalid datetime: 2023-01-24 16:32:19
2025-04-09 14:57:27 [WARN] applicant.statistics.service.impl.ApplicantServiceImpl - Validation failed for row: [Carla Ștefănescu, carlita_ste_yahoo.com, 2023-01-23T23:59:01, 5.20] — Reason: Invalid email: must contain exactly one '@': carlita_ste_yahoo.com
2025-04-09 15:07:57 [WARN] applicant.statistics.repository.ApplicantCsvRepository - Line 3 is empty and has been skipped.
2025-04-09 15:07:57 [WARN] applicant.statistics.repository.ApplicantCsvRepository - Line 5 skipped: expected 4 columns, found 0 — content: ,,,,,
2025-04-09 15:07:57 [WARN] applicant.statistics.repository.ApplicantCsvRepository - Line 7 skipped: missing delimiters — content: )_(*&^%$#@!#
2025-04-09 15:07:57 [WARN] applicant.statistics.service.impl.ApplicantServiceImpl - Validation failed for row: [Speranța, speranta_cruce@gmail.com, 2023-01-24T20:14:53, 2.33] — Reason: Invalid name: Speranța
2025-04-09 15:07:57 [WARN] applicant.statistics.service.impl.ApplicantServiceImpl - Validation failed for row: [Ionică Sergiu Ramos, chiarel@ionicaromass.ro, 2023-01-24 16:32:19, 9.00] — Reason: Invalid datetime: 2023-01-24 16:32:19
2025-04-09 15:07:57 [WARN] applicant.statistics.service.impl.ApplicantServiceImpl - Validation failed for row: [Carla Ștefănescu, carlita_ste_yahoo.com, 2023-01-23T23:59:01, 5.20] — Reason: Invalid email: must contain exactly one '@': carlita_ste_yahoo.com
2025-04-09 15:07:57 [WARN] applicant.statistics.repository.ApplicantCsvRepository - Line 2 skipped: missing delimiters — content: InvalidLineWithTooFewColumns
2025-04-09 15:07:57 [WARN] applicant.statistics.repository.ApplicantCsvRepository - Input stream is null. Cannot read applicants.
2025-04-09 15:07:57 [WARN] applicant.statistics.repository.ApplicantCsvRepository - Line 2 has empty field at column index 1: Ana Pop,,2025-04-07T10:00:00,8.0
2025-04-09 15:07:57 [WARN] applicant.statistics.service.impl.ApplicantServiceImpl - Validation failed for row: [Popescu, , 2025-04-07T10:00:00, 7.0] — Reason: Invalid name: Popescu
2025-04-09 15:09:40 [WARN] applicant.statistics.repository.ApplicantCsvRepository - Line 3 is empty and has been skipped.
2025-04-09 15:09:40 [WARN] applicant.statistics.repository.ApplicantCsvRepository - Line 5 skipped: expected 4 columns, found 0 — content: ,,,,,
2025-04-09 15:09:40 [WARN] applicant.statistics.repository.ApplicantCsvRepository - Line 7 skipped: missing delimiters — content: )_(*&^%$#@!#
2025-04-09 15:09:40 [WARN] applicant.statistics.service.impl.ApplicantServiceImpl - Validation failed for row: [Speranța, speranta_cruce@gmail.com, 2023-01-24T20:14:53, 2.33] — Reason: Invalid name: Speranța
2025-04-09 15:09:40 [WARN] applicant.statistics.service.impl.ApplicantServiceImpl - Validation failed for row: [Ionică Sergiu Ramos, chiarel@ionicaromass.ro, 2023-01-24 16:32:19, 9.00] — Reason: Invalid datetime: 2023-01-24 16:32:19
2025-04-09 15:09:40 [WARN] applicant.statistics.service.impl.ApplicantServiceImpl - Validation failed for row: [Carla Ștefănescu, carlita_ste_yahoo.com, 2023-01-23T23:59:01, 5.20] — Reason: Invalid email: must contain exactly one '@': carlita_ste_yahoo.com
2025-04-09 15:09:40 [WARN] applicant.statistics.repository.ApplicantCsvRepository - Line 2 skipped: missing delimiters — content: InvalidLineWithTooFewColumns
2025-04-09 15:09:40 [WARN] applicant.statistics.repository.ApplicantCsvRepository - Input stream is null. Cannot read applicants.
2025-04-09 15:09:40 [WARN] applicant.statistics.repository.ApplicantCsvRepository - Line 2 has empty field at column index 1: Ana Pop,,2025-04-07T10:00:00,8.0
2025-04-09 15:09:40 [WARN] applicant.statistics.service.impl.ApplicantServiceImpl - Validation failed for row: [Popescu, , 2025-04-07T10:00:00, 7.0] — Reason: Invalid name: Popescu
2025-04-09 15:11:35 [WARN] applicant.statistics.repository.ApplicantCsvRepository - Line 3 is empty and has been skipped.
2025-04-09 15:11:35 [WARN] applicant.statistics.repository.ApplicantCsvRepository - Line 5 skipped: expected 4 columns, found 0 — content: ,,,,,
2025-04-09 15:11:35 [WARN] applicant.statistics.repository.ApplicantCsvRepository - Line 7 skipped: missing delimiters — content: )_(*&^%$#@!#
2025-04-09 15:11:35 [WARN] applicant.statistics.service.impl.ApplicantServiceImpl - Validation failed for row: [Speranța, speranta_cruce@gmail.com, 2023-01-24T20:14:53, 2.33] — Reason: Invalid name: Speranța
2025-04-09 15:11:35 [WARN] applicant.statistics.service.impl.ApplicantServiceImpl - Validation failed for row: [Ionică Sergiu Ramos, chiarel@ionicaromass.ro, 2023-01-24 16:32:19, 9.00] — Reason: Invalid datetime: 2023-01-24 16:32:19
2025-04-09 15:11:35 [WARN] applicant.statistics.service.impl.ApplicantServiceImpl - Validation failed for row: [Carla Ștefănescu, carlita_ste_yahoo.com, 2023-01-23T23:59:01, 5.20] — Reason: Invalid email: must contain exactly one '@': carlita_ste_yahoo.com
2025-04-09 15:11:35 [WARN] applicant.statistics.repository.ApplicantCsvRepository - Line 2 skipped: missing delimiters — content: InvalidLineWithTooFewColumns
2025-04-09 15:11:35 [WARN] applicant.statistics.repository.ApplicantCsvRepository - Input stream is null. Cannot read applicants.
2025-04-09 15:11:35 [WARN] applicant.statistics.repository.ApplicantCsvRepository - Line 2 has empty field at column index 1: Ana Pop,,2025-04-07T10:00:00,8.0
2025-04-09 15:11:35 [WARN] applicant.statistics.service.impl.ApplicantServiceImpl - Validation failed for row: [Popescu, , 2025-04-07T10:00:00, 7.0] — Reason: Invalid name: Popescu
2025-04-09 15:12:19 [WARN] applicant.statistics.repository.ApplicantCsvRepository - Line 3 is empty and has been skipped.
2025-04-09 15:12:19 [WARN] applicant.statistics.repository.ApplicantCsvRepository - Line 5 skipped: expected 4 columns, found 0 — content: ,,,,,
2025-04-09 15:12:19 [WARN] applicant.statistics.repository.ApplicantCsvRepository - Line 7 skipped: missing delimiters — content: )_(*&^%$#@!#
2025-04-09 15:12:19 [WARN] applicant.statistics.service.impl.ApplicantServiceImpl - Validation failed for row: [Speranța, speranta_cruce@gmail.com, 2023-01-24T20:14:53, 2.33] — Reason: Invalid name: Speranța
2025-04-09 15:12:19 [WARN] applicant.statistics.service.impl.ApplicantServiceImpl - Validation failed for row: [Ionică Sergiu Ramos, chiarel@ionicaromass.ro, 2023-01-24 16:32:19, 9.00] — Reason: Invalid datetime: 2023-01-24 16:32:19
2025-04-09 15:12:19 [WARN] applicant.statistics.service.impl.ApplicantServiceImpl - Validation failed for row: [Carla Ștefănescu, carlita_ste_yahoo.com, 2023-01-23T23:59:01, 5.20] — Reason: Invalid email: must contain exactly one '@': carlita_ste_yahoo.com
2025-04-09 15:14:41 [WARN] applicant.statistics.repository.ApplicantCsvRepository - Line 2 skipped: missing delimiters — content: InvalidLineWithTooFewColumns
2025-04-09 15:14:41 [WARN] applicant.statistics.repository.ApplicantCsvRepository - Input stream is null. Cannot read applicants.
2025-04-09 15:14:41 [WARN] applicant.statistics.repository.ApplicantCsvRepository - Line 2 has empty field at column index 1: Ana Pop,,2025-04-07T10:00:00,8.0
2025-04-09 15:14:41 [WARN] applicant.statistics.service.impl.ApplicantServiceImpl - Validation failed for row: [Popescu, , 2025-04-07T10:00:00, 7.0] — Reason: Invalid name: Popescu
2025-04-09 15:14:44 [WARN] applicant.statistics.repository.ApplicantCsvRepository - Line 2 skipped: missing delimiters — content: InvalidLineWithTooFewColumns
2025-04-09 15:14:44 [WARN] applicant.statistics.repository.ApplicantCsvRepository - Input stream is null. Cannot read applicants.
2025-04-09 15:14:44 [WARN] applicant.statistics.repository.ApplicantCsvRepository - Line 2 has empty field at column index 1: Ana Pop,,2025-04-07T10:00:00,8.0
2025-04-09 15:14:44 [WARN] applicant.statistics.service.impl.ApplicantServiceImpl - Validation failed for row: [Popescu, , 2025-04-07T10:00:00, 7.0] — Reason: Invalid name: Popescu
2025-04-09 15:14:49 [WARN] applicant.statistics.repository.ApplicantCsvRepository - Line 2 skipped: missing delimiters — content: InvalidLineWithTooFewColumns
2025-04-09 15:14:49 [WARN] applicant.statistics.repository.ApplicantCsvRepository - Input stream is null. Cannot read applicants.
2025-04-09 15:14:49 [WARN] applicant.statistics.repository.ApplicantCsvRepository - Line 2 has empty field at column index 1: Ana Pop,,2025-04-07T10:00:00,8.0
2025-04-09 15:14:49 [WARN] applicant.statistics.service.impl.ApplicantServiceImpl - Validation failed for row: [Popescu, , 2025-04-07T10:00:00, 7.0] — Reason: Invalid name: Popescu
2025-04-09 15:22:32 [WARN] applicant.statistics.repository.ApplicantCsvRepository - Line 3 is empty and has been skipped.
2025-04-09 15:22:32 [WARN] applicant.statistics.repository.ApplicantCsvRepository - Line 5 skipped: expected 4 columns, found 0 — content: ,,,,,
2025-04-09 15:22:32 [WARN] applicant.statistics.repository.ApplicantCsvRepository - Line 7 skipped: missing delimiters — content: )_(*&^%$#@!#
2025-04-09 15:22:32 [WARN] applicant.statistics.service.impl.ApplicantServiceImpl - Validation failed for row: [Speranța, speranta_cruce@gmail.com, 2023-01-24T20:14:53, 2.33] — Reason: Invalid name: Speranța
2025-04-09 15:22:32 [WARN] applicant.statistics.service.impl.ApplicantServiceImpl - Validation failed for row: [Ionică Sergiu Ramos, chiarel@ionicaromass.ro, 2023-01-24 16:32:19, 9.00] — Reason: Invalid datetime: 2023-01-24 16:32:19
2025-04-09 15:22:32 [WARN] applicant.statistics.service.impl.ApplicantServiceImpl - Validation failed for row: [Carla Ștefănescu, carlita_ste_yahoo.com, 2023-01-23T23:59:01, 5.20] — Reason: Invalid email: must contain exactly one '@': carlita_ste_yahoo.com
2025-04-09 15:22:39 [WARN] applicant.statistics.repository.ApplicantCsvRepository - Line 2 skipped: missing delimiters — content: InvalidLineWithTooFewColumns
2025-04-09 15:22:39 [WARN] applicant.statistics.repository.ApplicantCsvRepository - Input stream is null. Cannot read applicants.
2025-04-09 15:22:39 [WARN] applicant.statistics.repository.ApplicantCsvRepository - Line 2 has empty field at column index 1: Ana Pop,,2025-04-07T10:00:00,8.0
2025-04-09 15:22:39 [WARN] applicant.statistics.service.impl.ApplicantServiceImpl - Validation failed for row: [Popescu, , 2025-04-07T10:00:00, 7.0] — Reason: Invalid name: Popescu
2025-04-09 15:22:39 [WARN] applicant.statistics.repository.ApplicantCsvRepository - Line 3 is empty and has been skipped.
2025-04-09 15:22:39 [WARN] applicant.statistics.repository.ApplicantCsvRepository - Line 5 skipped: expected 4 columns, found 0 — content: ,,,,,
2025-04-09 15:22:39 [WARN] applicant.statistics.repository.ApplicantCsvRepository - Line 7 skipped: missing delimiters — content: )_(*&^%$#@!#
2025-04-09 15:22:39 [WARN] applicant.statistics.service.impl.ApplicantServiceImpl - Validation failed for row: [Speranța, speranta_cruce@gmail.com, 2023-01-24T20:14:53, 2.33] — Reason: Invalid name: Speranța
2025-04-09 15:22:39 [WARN] applicant.statistics.service.impl.ApplicantServiceImpl - Validation failed for row: [Ionică Sergiu Ramos, chiarel@ionicaromass.ro, 2023-01-24 16:32:19, 9.00] — Reason: Invalid datetime: 2023-01-24 16:32:19
2025-04-09 15:22:39 [WARN] applicant.statistics.service.impl.ApplicantServiceImpl - Validation failed for row: [Carla Ștefănescu, carlita_ste_yahoo.com, 2023-01-23T23:59:01, 5.20] — Reason: Invalid email: must contain exactly one '@': carlita_ste_yahoo.com
2025-04-09 15:23:49 [WARN] applicant.statistics.repository.ApplicantCsvRepository - Line 5 skipped: expected 4 columns, found 0 — content: ,,,,
2025-04-09 15:23:49 [WARN] applicant.statistics.service.impl.ApplicantServiceImpl - Validation failed for row: [Ana, ana@example.com, 2025-04-08T10:00:00, 8.0] — Reason: Invalid name: Ana
2025-04-09 15:23:49 [WARN] applicant.statistics.service.impl.ApplicantServiceImpl - Validation failed for row: [John Doe, john.doe[at]email.com, 2025-04-08T10:00:00, 9.5] — Reason: Invalid email: must contain exactly one '@': john.doe[at]email.com
2025-04-09 15:23:49 [WARN] applicant.statistics.service.impl.ApplicantServiceImpl - Validation failed for row: [Ioana Ion, ioana.ion@x.com, not-a-date, 7.0] — Reason: Invalid datetime: not-a-date
2025-04-09 15:23:50 [WARN] applicant.statistics.repository.ApplicantCsvRepository - Line 2 skipped: missing delimiters — content: InvalidLineWithTooFewColumns
2025-04-09 15:23:50 [WARN] applicant.statistics.repository.ApplicantCsvRepository - Input stream is null. Cannot read applicants.
2025-04-09 15:23:50 [WARN] applicant.statistics.repository.ApplicantCsvRepository - Line 2 has empty field at column index 1: Ana Pop,,2025-04-07T10:00:00,8.0
2025-04-09 15:23:50 [WARN] applicant.statistics.service.impl.ApplicantServiceImpl - Validation failed for row: [Popescu, , 2025-04-07T10:00:00, 7.0] — Reason: Invalid name: Popescu
2025-04-09 15:24:57 [WARN] applicant.statistics.repository.ApplicantCsvRepository - Line 5 skipped: expected 4 columns, found 0 — content: ,,,,
2025-04-09 15:24:57 [WARN] applicant.statistics.service.impl.ApplicantServiceImpl - Validation failed for row: [Ana, ana@example.com, 2025-04-08T10:00:00, 8.0] — Reason: Invalid name: Ana
2025-04-09 15:24:57 [WARN] applicant.statistics.service.impl.ApplicantServiceImpl - Validation failed for row: [John Doe, john.doe[at]email.com, 2025-04-08T10:00:00, 9.5] — Reason: Invalid email: must contain exactly one '@': john.doe[at]email.com
2025-04-09 15:24:57 [WARN] applicant.statistics.service.impl.ApplicantServiceImpl - Validation failed for row: [Ioana Ion, ioana.ion@x.com, not-a-date, 7.0] — Reason: Invalid datetime: not-a-date
2025-04-09 15:24:57 [WARN] applicant.statistics.repository.ApplicantCsvRepository - Line 2 skipped: missing delimiters — content: InvalidLineWithTooFewColumns
2025-04-09 15:24:57 [WARN] applicant.statistics.repository.ApplicantCsvRepository - Input stream is null. Cannot read applicants.
2025-04-09 15:24:57 [WARN] applicant.statistics.repository.ApplicantCsvRepository - Line 2 has empty field at column index 1: Ana Pop,,2025-04-07T10:00:00,8.0
2025-04-09 15:24:57 [WARN] applicant.statistics.service.impl.ApplicantServiceImpl - Validation failed for row: [Popescu, , 2025-04-07T10:00:00, 7.0] — Reason: Invalid name: Popescu
2025-04-09 15:25:56 [WARN] applicant.statistics.repository.ApplicantCsvRepository - Line 5 skipped: expected 4 columns, found 0 — content: ,,,,
2025-04-09 15:25:56 [WARN] applicant.statistics.service.impl.ApplicantServiceImpl - Validation failed for row: [Ana, ana@example.com, 2025-04-08T10:00:00, 8.0] — Reason: Invalid name: Ana
2025-04-09 15:25:56 [WARN] applicant.statistics.service.impl.ApplicantServiceImpl - Validation failed for row: [John Doe, john.doe[at]email.com, 2025-04-08T10:00:00, 9.5] — Reason: Invalid email: must contain exactly one '@': john.doe[at]email.com
2025-04-09 15:25:56 [WARN] applicant.statistics.service.impl.ApplicantServiceImpl - Validation failed for row: [Ioana Ion, ioana.ion@x.com, not-a-date, 7.0] — Reason: Invalid datetime: not-a-date
2025-04-09 15:25:56 [WARN] applicant.statistics.repository.ApplicantCsvRepository - Line 2 skipped: missing delimiters — content: InvalidLineWithTooFewColumns
2025-04-09 15:25:56 [WARN] applicant.statistics.repository.ApplicantCsvRepository - Input stream is null. Cannot read applicants.
2025-04-09 15:25:56 [WARN] applicant.statistics.repository.ApplicantCsvRepository - Line 2 has empty field at column index 1: Ana Pop,,2025-04-07T10:00:00,8.0
2025-04-09 15:25:56 [WARN] applicant.statistics.service.impl.ApplicantServiceImpl - Validation failed for row: [Popescu, , 2025-04-07T10:00:00, 7.0] — Reason: Invalid name: Popescu
2025-04-09 15:26:04 [WARN] applicant.statistics.repository.ApplicantCsvRepository - Line 5 skipped: expected 4 columns, found 0 — content: ,,,,
2025-04-09 15:26:04 [WARN] applicant.statistics.service.impl.ApplicantServiceImpl - Validation failed for row: [Ana, ana@example.com, 2025-04-08T10:00:00, 8.0] — Reason: Invalid name: Ana
2025-04-09 15:26:04 [WARN] applicant.statistics.service.impl.ApplicantServiceImpl - Validation failed for row: [John Doe, john.doe[at]email.com, 2025-04-08T10:00:00, 9.5] — Reason: Invalid email: must contain exactly one '@': john.doe[at]email.com
2025-04-09 15:26:04 [WARN] applicant.statistics.service.impl.ApplicantServiceImpl - Validation failed for row: [Ioana Ion, ioana.ion@x.com, not-a-date, 7.0] — Reason: Invalid datetime: not-a-date
2025-04-09 15:26:04 [WARN] applicant.statistics.repository.ApplicantCsvRepository - Line 2 skipped: missing delimiters — content: InvalidLineWithTooFewColumns
2025-04-09 15:26:04 [WARN] applicant.statistics.repository.ApplicantCsvRepository - Input stream is null. Cannot read applicants.
2025-04-09 15:26:04 [WARN] applicant.statistics.repository.ApplicantCsvRepository - Line 2 has empty field at column index 1: Ana Pop,,2025-04-07T10:00:00,8.0
2025-04-09 15:26:04 [WARN] applicant.statistics.service.impl.ApplicantServiceImpl - Validation failed for row: [Popescu, , 2025-04-07T10:00:00, 7.0] — Reason: Invalid name: Popescu
2025-04-09 15:26:15 [WARN] applicant.statistics.repository.ApplicantCsvRepository - Line 5 skipped: expected 4 columns, found 0 — content: ,,,,
2025-04-09 15:26:15 [WARN] applicant.statistics.service.impl.ApplicantServiceImpl - Validation failed for row: [Ana, ana@example.com, 2025-04-08T10:00:00, 8.0] — Reason: Invalid name: Ana
2025-04-09 15:26:15 [WARN] applicant.statistics.service.impl.ApplicantServiceImpl - Validation failed for row: [John Doe, john.doe[at]email.com, 2025-04-08T10:00:00, 9.5] — Reason: Invalid email: must contain exactly one '@': john.doe[at]email.com
2025-04-09 15:26:15 [WARN] applicant.statistics.service.impl.ApplicantServiceImpl - Validation failed for row: [Ioana Ion, ioana.ion@x.com, not-a-date, 7.0] — Reason: Invalid datetime: not-a-date
2025-04-09 15:26:15 [WARN] applicant.statistics.repository.ApplicantCsvRepository - Line 2 skipped: missing delimiters — content: InvalidLineWithTooFewColumns
2025-04-09 15:26:15 [WARN] applicant.statistics.repository.ApplicantCsvRepository - Input stream is null. Cannot read applicants.
2025-04-09 15:26:15 [WARN] applicant.statistics.repository.ApplicantCsvRepository - Line 2 has empty field at column index 1: Ana Pop,,2025-04-07T10:00:00,8.0
2025-04-09 15:26:15 [WARN] applicant.statistics.service.impl.ApplicantServiceImpl - Validation failed for row: [Popescu, , 2025-04-07T10:00:00, 7.0] — Reason: Invalid name: Popescu
2025-04-09 15:27:44 [WARN] applicant.statistics.repository.ApplicantCsvRepository - Line 2 skipped: missing delimiters — content: InvalidLineWithTooFewColumns
2025-04-09 15:27:44 [WARN] applicant.statistics.repository.ApplicantCsvRepository - Input stream is null. Cannot read applicants.
2025-04-09 15:27:44 [WARN] applicant.statistics.repository.ApplicantCsvRepository - Line 2 has empty field at column index 1: Ana Pop,,2025-04-07T10:00:00,8.0
2025-04-09 15:27:44 [WARN] applicant.statistics.service.impl.ApplicantServiceImpl - Validation failed for row: [Popescu, , 2025-04-07T10:00:00, 7.0] — Reason: Invalid name: Popescu
2025-04-09 15:27:44 [WARN] applicant.statistics.repository.ApplicantCsvRepository - Line 5 skipped: expected 4 columns, found 0 — content: ,,,,
2025-04-09 15:27:44 [WARN] applicant.statistics.service.impl.ApplicantServiceImpl - Validation failed for row: [Ana, ana@example.com, 2025-04-08T10:00:00, 8.0] — Reason: Invalid name: Ana
2025-04-09 15:27:44 [WARN] applicant.statistics.service.impl.ApplicantServiceImpl - Validation failed for row: [John Doe, john.doe[at]email.com, 2025-04-08T10:00:00, 9.5] — Reason: Invalid email: must contain exactly one '@': john.doe[at]email.com
2025-04-09 15:27:44 [WARN] applicant.statistics.service.impl.ApplicantServiceImpl - Validation failed for row: [Ioana Ion, ioana.ion@x.com, not-a-date, 7.0] — Reason: Invalid datetime: not-a-date
2025-04-09 15:29:33 [WARN] applicant.statistics.repository.ApplicantCsvRepository - Line 7 skipped: expected 4 columns, found 0 — content: ,,,
2025-04-09 15:29:33 [WARN] applicant.statistics.service.impl.ApplicantServiceImpl - Validation failed for row: [Ana, ana@example.com, 2025-04-08T10:00:00, 8.0] — Reason: Invalid name: Ana
2025-04-09 15:29:33 [WARN] applicant.statistics.service.impl.ApplicantServiceImpl - Validation failed for row: [Andrei Popescu, andrei.popescuemail.com, 2025-04-08T10:00:00, 9.5] — Reason: Invalid email: must contain exactly one '@': andrei.popescuemail.com
2025-04-09 15:29:33 [WARN] applicant.statistics.service.impl.ApplicantServiceImpl - Validation failed for row: [George Petrescu, george@valid.com, 2025-13-40T10:00:00, 7.5] — Reason: Invalid datetime: 2025-13-40T10:00:00
2025-04-09 15:29:33 [WARN] applicant.statistics.service.impl.ApplicantServiceImpl - Validation failed for row: [Cristina Radu, cristina@valid.com, 2025-04-08T25:00:00, 5.4] — Reason: Invalid datetime: 2025-04-08T25:00:00
2025-04-09 15:29:33 [WARN] applicant.statistics.service.impl.ApplicantServiceImpl - Validation failed for row: [Marcel Comănescu, marcel@valid.com, 2025-04-08T10:00:00, 12] — Reason: Invalid score: 12
2025-04-09 15:29:33 [WARN] applicant.statistics.service.impl.ApplicantServiceImpl - Validation failed for row: [Ioana Câmpean, ioana@valid.com, 2025-04-08T10:00:00, -1] — Reason: Invalid score: -1
2025-04-09 15:32:10 [WARN] applicant.statistics.repository.ApplicantCsvRepository - Line 7 skipped: expected 4 columns, found 0 — content: ,,,
2025-04-09 15:32:10 [WARN] applicant.statistics.service.impl.ApplicantServiceImpl - Validation failed for row: [Ana, ana@example.com, 2025-04-08T10:00:00, 8.0] — Reason: Invalid name: Ana
2025-04-09 15:32:10 [WARN] applicant.statistics.service.impl.ApplicantServiceImpl - Validation failed for row: [Andrei Popescu, andrei.popescuemail.com, 2025-04-08T10:00:00, 9.5] — Reason: Invalid email: must contain exactly one '@': andrei.popescuemail.com
2025-04-09 15:32:10 [WARN] applicant.statistics.service.impl.ApplicantServiceImpl - Validation failed for row: [George Petrescu, george@valid.com, 2025-13-40T10:00:00, 7.5] — Reason: Invalid datetime: 2025-13-40T10:00:00
2025-04-09 15:32:10 [WARN] applicant.statistics.service.impl.ApplicantServiceImpl - Validation failed for row: [Cristina Radu, cristina@valid.com, 2025-04-08T25:00:00, 5.4] — Reason: Invalid datetime: 2025-04-08T25:00:00
2025-04-09 15:32:10 [WARN] applicant.statistics.service.impl.ApplicantServiceImpl - Validation failed for row: [Marcel Comănescu, marcel@valid.com, 2025-04-08T10:00:00, 12] — Reason: Invalid score: 12
2025-04-09 15:32:10 [WARN] applicant.statistics.service.impl.ApplicantServiceImpl - Validation failed for row: [Ioana Câmpean, ioana@valid.com, 2025-04-08T10:00:00, -1] — Reason: Invalid score: -1
2025-04-09 15:34:05 [WARN] applicant.statistics.repository.ApplicantCsvRepository - Line 7 skipped: expected 4 columns, found 0 — content: ,,,
2025-04-09 15:34:05 [WARN] applicant.statistics.service.impl.ApplicantServiceImpl - Validation failed for row: [Ana, ana@example.com, 2025-04-08T10:00:00, 8.0] — Reason: Invalid name: Ana
2025-04-09 15:34:05 [WARN] applicant.statistics.service.impl.ApplicantServiceImpl - Validation failed for row: [Andrei Popescu, andrei.popescuemail.com, 2025-04-08T10:00:00, 9.5] — Reason: Invalid email: must contain exactly one '@': andrei.popescuemail.com
2025-04-09 15:34:05 [WARN] applicant.statistics.service.impl.ApplicantServiceImpl - Validation failed for row: [Irina Ionescu, irina@ex..ro, 2025-04-08T10:00:00, 10] — Reason: Invalid email: Email format is invalid: irina@ex..ro
2025-04-09 15:34:05 [WARN] applicant.statistics.service.impl.ApplicantServiceImpl - Validation failed for row: [George Petrescu, george@valid.com, 2025-13-40T10:00:00, 7.5] — Reason: Invalid datetime: 2025-13-40T10:00:00
2025-04-09 15:34:05 [WARN] applicant.statistics.service.impl.ApplicantServiceImpl - Validation failed for row: [Cristina Radu, cristina@valid.com, 2025-04-08T25:00:00, 5.4] — Reason: Invalid datetime: 2025-04-08T25:00:00
2025-04-09 15:34:05 [WARN] applicant.statistics.service.impl.ApplicantServiceImpl - Validation failed for row: [Marcel Comănescu, marcel@valid.com, 2025-04-08T10:00:00, 12] — Reason: Invalid score: 12
2025-04-09 15:34:05 [WARN] applicant.statistics.service.impl.ApplicantServiceImpl - Validation failed for row: [Ioana Câmpean, ioana@valid.com, 2025-04-08T10:00:00, -1] — Reason: Invalid score: -1
2025-04-09 15:34:11 [WARN] applicant.statistics.repository.ApplicantCsvRepository - Line 2 skipped: missing delimiters — content: InvalidLineWithTooFewColumns
2025-04-09 15:34:11 [WARN] applicant.statistics.repository.ApplicantCsvRepository - Input stream is null. Cannot read applicants.
2025-04-09 15:34:11 [WARN] applicant.statistics.repository.ApplicantCsvRepository - Line 2 has empty field at column index 1: Ana Pop,,2025-04-07T10:00:00,8.0
2025-04-09 15:34:11 [WARN] applicant.statistics.service.impl.ApplicantServiceImpl - Validation failed for row: [Popescu, , 2025-04-07T10:00:00, 7.0] — Reason: Invalid name: Popescu
2025-04-09 15:34:11 [WARN] applicant.statistics.repository.ApplicantCsvRepository - Line 5 skipped: expected 4 columns, found 0 — content: ,,,,
2025-04-09 15:34:11 [WARN] applicant.statistics.service.impl.ApplicantServiceImpl - Validation failed for row: [Ana, ana@example.com, 2025-04-08T10:00:00, 8.0] — Reason: Invalid name: Ana
2025-04-09 15:34:11 [WARN] applicant.statistics.service.impl.ApplicantServiceImpl - Validation failed for row: [John Doe, john.doe[at]email.com, 2025-04-08T10:00:00, 9.5] — Reason: Invalid email: must contain exactly one '@': john.doe[at]email.com
2025-04-09 15:34:11 [WARN] applicant.statistics.service.impl.ApplicantServiceImpl - Validation failed for row: [Ioana Ion, ioana.ion@x.com, not-a-date, 7.0] — Reason: Invalid email: Email format is invalid: ioana.ion@x.com
2025-04-09 15:34:11 [WARN] applicant.statistics.service.impl.ApplicantServiceImpl - Validation failed for row: [Maria Pop, maria@x.com, 2025-04-07T09:00:00, 7.8] — Reason: Invalid email: Email format is invalid: maria@x.com
2025-04-09 15:38:32 [WARN] applicant.statistics.repository.ApplicantCsvRepository - Line 5 skipped: expected 4 columns, found 0 — content: ,,,,
2025-04-09 15:38:32 [WARN] applicant.statistics.service.impl.ApplicantServiceImpl - Validation failed for row: [Ana, ana@example.com, 2025-04-08T10:00:00, 8.0] — Reason: Invalid name: Ana
2025-04-09 15:38:32 [WARN] applicant.statistics.service.impl.ApplicantServiceImpl - Validation failed for row: [John Doe, john.doe[at]email.com, 2025-04-08T10:00:00, 9.5] — Reason: Invalid email: must contain exactly one '@': john.doe[at]email.com
2025-04-09 15:38:32 [WARN] applicant.statistics.service.impl.ApplicantServiceImpl - Validation failed for row: [Ioana Ion, ioana.ion@x.com, not-a-date, 7.0] — Reason: Invalid email: Email format is invalid: ioana.ion@x.com
2025-04-09 15:38:32 [WARN] applicant.statistics.service.impl.ApplicantServiceImpl - Validation failed for row: [Maria Pop, maria@x.com, 2025-04-07T09:00:00, 7.8] — Reason: Invalid email: Email format is invalid: maria@x.com
2025-04-09 15:38:32 [WARN] applicant.statistics.repository.ApplicantCsvRepository - Line 2 skipped: missing delimiters — content: InvalidLineWithTooFewColumns
2025-04-09 15:38:32 [WARN] applicant.statistics.repository.ApplicantCsvRepository - Input stream is null. Cannot read applicants.
2025-04-09 15:38:33 [WARN] applicant.statistics.repository.ApplicantCsvRepository - Line 2 has empty field at column index 1: Ana Pop,,2025-04-07T10:00:00,8.0
2025-04-09 15:38:33 [WARN] applicant.statistics.service.impl.ApplicantServiceImpl - Validation failed for row: [Popescu, , 2025-04-07T10:00:00, 7.0] — Reason: Invalid name: Popescu
2025-04-09 15:40:16 [WARN] applicant.statistics.repository.ApplicantCsvRepository - Line 5 skipped: expected 4 columns, found 0 — content: ,,,,
2025-04-09 15:40:16 [WARN] applicant.statistics.service.impl.ApplicantServiceImpl - Validation failed for row: [Ana, ana@example.com, 2025-04-08T10:00:00, 8.0] — Reason: Invalid name: Ana
2025-04-09 15:40:16 [WARN] applicant.statistics.service.impl.ApplicantServiceImpl - Validation failed for row: [John Doe, john.doe[at]email.com, 2025-04-08T10:00:00, 9.5] — Reason: Invalid email: must contain exactly one '@': john.doe[at]email.com
2025-04-09 15:40:16 [WARN] applicant.statistics.service.impl.ApplicantServiceImpl - Validation failed for row: [Ioana Ion, ioana.ion@x.com, not-a-date, 7.0] — Reason: Invalid datetime: not-a-date
2025-04-09 15:40:16 [WARN] applicant.statistics.repository.ApplicantCsvRepository - Line 2 skipped: missing delimiters — content: InvalidLineWithTooFewColumns
2025-04-09 15:40:16 [WARN] applicant.statistics.repository.ApplicantCsvRepository - Input stream is null. Cannot read applicants.
2025-04-09 15:40:16 [WARN] applicant.statistics.repository.ApplicantCsvRepository - Line 2 has empty field at column index 1: Ana Pop,,2025-04-07T10:00:00,8.0
2025-04-09 15:40:16 [WARN] applicant.statistics.service.impl.ApplicantServiceImpl - Validation failed for row: [Popescu, , 2025-04-07T10:00:00, 7.0] — Reason: Invalid name: Popescu
2025-04-09 15:40:24 [WARN] applicant.statistics.repository.ApplicantCsvRepository - Line 7 skipped: expected 4 columns, found 0 — content: ,,,
2025-04-09 15:40:24 [WARN] applicant.statistics.service.impl.ApplicantServiceImpl - Validation failed for row: [Ana, ana@example.com, 2025-04-08T10:00:00, 8.0] — Reason: Invalid name: Ana
2025-04-09 15:40:24 [WARN] applicant.statistics.service.impl.ApplicantServiceImpl - Validation failed for row: [Andrei Popescu, andrei.popescuemail.com, 2025-04-08T10:00:00, 9.5] — Reason: Invalid email: must contain exactly one '@': andrei.popescuemail.com
2025-04-09 15:40:24 [WARN] applicant.statistics.service.impl.ApplicantServiceImpl - Validation failed for row: [Irina Ionescu, irina@ex..ro, 2025-04-08T10:00:00, 10] — Reason: Invalid email: Email format is invalid: irina@ex..ro
2025-04-09 15:40:24 [WARN] applicant.statistics.service.impl.ApplicantServiceImpl - Validation failed for row: [George Petrescu, george@valid.com, 2025-13-40T10:00:00, 7.5] — Reason: Invalid datetime: 2025-13-40T10:00:00
2025-04-09 15:40:24 [WARN] applicant.statistics.service.impl.ApplicantServiceImpl - Validation failed for row: [Cristina Radu, cristina@valid.com, 2025-04-08T25:00:00, 5.4] — Reason: Invalid datetime: 2025-04-08T25:00:00
2025-04-09 15:40:24 [WARN] applicant.statistics.service.impl.ApplicantServiceImpl - Validation failed for row: [Marcel Comănescu, marcel@valid.com, 2025-04-08T10:00:00, 12] — Reason: Invalid score: 12
2025-04-09 15:40:24 [WARN] applicant.statistics.service.impl.ApplicantServiceImpl - Validation failed for row: [Ioana Câmpean, ioana@valid.com, 2025-04-08T10:00:00, -1] — Reason: Invalid score: -1
2025-04-09 15:42:12 [WARN] applicant.statistics.repository.ApplicantCsvRepository - Line 4 has empty field at column index 1: Maria Pop,,2025-04-08T10:00:00,7.2
2025-04-09 15:42:12 [WARN] applicant.statistics.repository.ApplicantCsvRepository - Line 7 has empty field at column index 0: ,ionel@gmail.com,2025-04-08T10:00:00,8.1
2025-04-09 15:42:12 [WARN] applicant.statistics.repository.ApplicantCsvRepository - Line 14 skipped: expected 4 columns, found 3 — content: A.B,a.b@email.com,2025-04-08T10:00:00,
2025-04-09 15:42:12 [WARN] applicant.statistics.repository.ApplicantCsvRepository - Line 18 skipped: expected 4 columns, found 3 — content: , , ,
2025-04-09 15:42:12 [WARN] applicant.statistics.service.impl.ApplicantServiceImpl - Validation failed for row: [Ana, ana@example.com, 2025-04-08T10:00:00, 8.0] — Reason: Invalid name: Ana
2025-04-09 15:42:12 [WARN] applicant.statistics.service.impl.ApplicantServiceImpl - Validation failed for row: [John Doe, john.doe[at]email.com, 2025-04-08T10:00:00, 9.5] — Reason: Invalid email: must contain exactly one '@': john.doe[at]email.com
2025-04-09 15:42:12 [WARN] applicant.statistics.service.impl.ApplicantServiceImpl - Validation failed for row: [Ion Vasilescu, ion@.com, 2025-04-08T10:00:00, 6.8] — Reason: Invalid email: dot must follow '@' but not directly: ion@.com
2025-04-09 15:42:12 [WARN] applicant.statistics.service.impl.ApplicantServiceImpl - Validation failed for row: [Cristina, c@email.ro, 2025-04-08T10:00:00, 10] — Reason: Invalid name: Cristina
2025-04-09 15:42:12 [WARN] applicant.statistics.service.impl.ApplicantServiceImpl - Validation failed for row: [Lucian Man, lucian@@email.com, 2025-04-08T10:00:00, 7.5] — Reason: Invalid email: must contain exactly one '@': lucian@@email.com
2025-04-09 15:42:12 [WARN] applicant.statistics.service.impl.ApplicantServiceImpl - Validation failed for row: [Ioana Popescu, ioana.pop@site, 2025-04-08T10:00:00, 5.4] — Reason: Invalid email: dot must follow '@' but not directly: ioana.pop@site
2025-04-09 15:42:12 [WARN] applicant.statistics.service.impl.ApplicantServiceImpl - Validation failed for row: [George George, george@domain..com, 2025-04-08T10:00:00, 9.9] — Reason: Invalid email: Email format is invalid: george@domain..com
2025-04-09 15:42:12 [WARN] applicant.statistics.service.impl.ApplicantServiceImpl - Validation failed for row: [Radu Stan, radu@domain.com, not-a-date, 8.0] — Reason: Invalid datetime: not-a-date
2025-04-09 15:42:12 [WARN] applicant.statistics.service.impl.ApplicantServiceImpl - Validation failed for row: [Doru, doru@domain.com, 2025-04-08T10:00:00, 11] — Reason: Invalid name: Doru
2025-04-09 15:42:12 [WARN] applicant.statistics.service.impl.ApplicantServiceImpl - Validation failed for row: [Dana, dana@domain.com, 2025-04-08T10:00:00, -1] — Reason: Invalid name: Dana
2025-04-09 15:42:12 [WARN] applicant.statistics.service.impl.ApplicantServiceImpl - Validation failed for row: [Sorin Costache, sorin.email.com, 2025-04-08T10:00:00, 6.4] — Reason: Invalid email: must contain exactly one '@': sorin.email.com
2025-04-09 15:42:12 [WARN] applicant.statistics.service.impl.ApplicantServiceImpl - Validation failed for row: [Ana Maria Pop, ana@ema@il.com, 2025-04-08T10:00:00, 5.5] — Reason: Invalid email: must contain exactly one '@': ana@ema@il.com
2025-04-09 15:42:12 [WARN] applicant.statistics.service.impl.ApplicantServiceImpl - Validation failed for row: [Ioan, ioan@email, 2025-04-08T10:00:00, 6.6] — Reason: Invalid name: Ioan
2025-04-09 15:42:12 [WARN] applicant.statistics.service.impl.ApplicantServiceImpl - Validation failed for row: [?@#, weird@@email, 2025-04-08T10:00:00, 3.3] — Reason: Invalid name: ?@#
2025-04-09 15:42:12 [WARN] applicant.statistics.service.impl.ApplicantServiceImpl - Validation failed for row: [Adela, adela@email.com, 2025-13-40T10:00:00, 4.4] — Reason: Invalid name: Adela
2025-04-09 15:42:12 [WARN] applicant.statistics.service.impl.ApplicantServiceImpl - Validation failed for row: [Nume Prea Lung Pentru Test, namelong@valid.com, 2025-04-08T10:00:00, 10.1] — Reason: Invalid score: 10.1
2025-04-09 15:42:12 [WARN] applicant.statistics.service.impl.ApplicantServiceImpl - No valid applicants found after processing.
